<?xml version="1.0" encoding="UTF-8"?>
<testng-results ignored="0" total="1" passed="1" failed="0" skipped="0">
  <reporter-output>
  </reporter-output>
  <suite started-at="2026-06-09T17:38:42 IST" name="Surefire suite" finished-at="2026-06-09T17:38:42 IST" duration-ms="323">
    <groups>
      <group name="cucumber">
        <method signature="AbstractTestNGCucumberTests.runScenario(io.cucumber.testng.PickleWrapper,io.cucumber.testng.FeatureWrapper)[pri:0, instance:RunnerUtility.TestNGRunner@35047d03]" name="runScenario" class="io.cucumber.testng.AbstractTestNGCucumberTests"/>
      </group> <!-- cucumber -->
    </groups>
    <test started-at="2026-06-09T17:38:42 IST" name="Surefire test" finished-at="2026-06-09T17:38:42 IST" duration-ms="323">
      <class name="RunnerUtility.TestNGRunner">
        <test-method is-config="true" signature="setUpClass(org.testng.ITestContext)[pri:0, instance:RunnerUtility.TestNGRunner@35047d03]" started-at="2026-06-09T17:38:42 IST" name="setUpClass" finished-at="2026-06-09T17:38:42 IST" duration-ms="192" status="PASS">
          <params>
            <param index="0">
              <value>
                <![CDATA[org.testng.TestRunner@3e6104fc]]>
              </value>
            </param>
          </params>
          <reporter-output>
          </reporter-output>
        </test-method> <!-- setUpClass -->
        <test-method signature="runScenario(io.cucumber.testng.PickleWrapper,io.cucumber.testng.FeatureWrapper)[pri:0, instance:RunnerUtility.TestNGRunner@35047d03]" started-at="2026-06-09T17:38:42 IST" name="runScenario" description="Runs Cucumber Scenarios" data-provider="scenarios" finished-at="2026-06-09T17:38:42 IST" duration-ms="90" status="PASS">
          <params>
            <param index="0">
              <value>
                <![CDATA["Admin default login page"]]>
              </value>
            </param>
            <param index="1">
              <value>
                <![CDATA["Application Login"]]>
              </value>
            </param>
          </params>
          <reporter-output>
          </reporter-output>
        </test-method> <!-- runScenario -->
        <test-method is-config="true" signature="tearDownClass()[pri:0, instance:RunnerUtility.TestNGRunner@35047d03]" started-at="2026-06-09T17:38:42 IST" name="tearDownClass" finished-at="2026-06-09T17:38:42 IST" duration-ms="3" status="PASS">
          <reporter-output>
          </reporter-output>
        </test-method> <!-- tearDownClass -->
      </class> <!-- RunnerUtility.TestNGRunner -->
    </test> <!-- Surefire test -->
  </suite> <!-- Surefire suite -->
</testng-results>
