<?xml version="1.0" encoding="UTF-8"?>
<!-- Generated by org.testng.reporters.JUnitReportReporter -->
<testsuite hostname="LAPTOP-5SGPDORB" failures="0" tests="8" name="RunnerUtility.TestNGRunner" time="0.142" errors="0" timestamp="2026-06-09T18:21:14 IST" skipped="0">
  <testcase classname="RunnerUtility.TestNGRunner" name="runScenario" time="0.006"/>
  <testcase classname="RunnerUtility.TestNGRunner" name="runScenario" time="0.007"/>
  <testcase classname="RunnerUtility.TestNGRunner" name="runScenario" time="0.006"/>
  <testcase classname="RunnerUtility.TestNGRunner" name="runScenario" time="0.010"/>
  <testcase classname="RunnerUtility.TestNGRunner" name="runScenario" time="0.089"/>
  <testcase classname="RunnerUtility.TestNGRunner" name="runScenario" time="0.009"/>
  <testcase classname="RunnerUtility.TestNGRunner" name="runScenario" time="0.008"/>
  <testcase classname="RunnerUtility.TestNGRunner" name="runScenario" time="0.007"/>
</testsuite> <!-- RunnerUtility.TestNGRunner -->
